[   44511ms] [WARNING] The resource https://v0.app/chat-static/button.svg was preloaded using link preload but not used within a few seconds from the window's load event. Please make sure it has an appropriate `as` value and it is preloaded intentionally. @ https://ui.shadcn.com/blocks:0
[   44511ms] [WARNING] The resource https://ui.shadcn.com/_next/static/chunks/0db99593c1195380.css?dpl=dpl_3wvGLr5TD4pHDLDQbQUE1upAfCvM was preloaded using link preload but not used within a few seconds from the window's load event. Please make sure it has an appropriate `as` value and it is preloaded intentionally. @ https://ui.shadcn.com/blocks:0
[   44511ms] [WARNING] The resource https://ui.shadcn.com/placeholder.svg was preloaded using link preload but not used within a few seconds from the window's load event. Please make sure it has an appropriate `as` value and it is preloaded intentionally. @ https://ui.shadcn.com/blocks:0
[   49217ms] [WARNING] The resource https://v0.app/chat-static/button.svg was preloaded using link preload but not used within a few seconds from the window's load event. Please make sure it has an appropriate `as` value and it is preloaded intentionally. @ https://ui.shadcn.com/blocks:0
[   49217ms] [WARNING] The resource https://ui.shadcn.com/_next/static/chunks/0db99593c1195380.css?dpl=dpl_3wvGLr5TD4pHDLDQbQUE1upAfCvM was preloaded using link preload but not used within a few seconds from the window's load event. Please make sure it has an appropriate `as` value and it is preloaded intentionally. @ https://ui.shadcn.com/blocks:0
[   49217ms] [WARNING] The resource https://ui.shadcn.com/placeholder.svg was preloaded using link preload but not used within a few seconds from the window's load event. Please make sure it has an appropriate `as` value and it is preloaded intentionally. @ https://ui.shadcn.com/blocks:0
[   57565ms] [WARNING] The resource https://v0.app/chat-static/button.svg was preloaded using link preload but not used within a few seconds from the window's load event. Please make sure it has an appropriate `as` value and it is preloaded intentionally. @ https://ui.shadcn.com/blocks:0
[   57565ms] [WARNING] The resource https://ui.shadcn.com/_next/static/chunks/0db99593c1195380.css?dpl=dpl_3wvGLr5TD4pHDLDQbQUE1upAfCvM was preloaded using link preload but not used within a few seconds from the window's load event. Please make sure it has an appropriate `as` value and it is preloaded intentionally. @ https://ui.shadcn.com/blocks:0
[   57565ms] [WARNING] The resource https://ui.shadcn.com/placeholder.svg was preloaded using link preload but not used within a few seconds from the window's load event. Please make sure it has an appropriate `as` value and it is preloaded intentionally. @ https://ui.shadcn.com/blocks:0
[  139574ms] [VERBOSE] [DOM] Input elements should have autocomplete attributes (suggested: "current-password"): (More info: https://goo.gl/9p2vKq) %o @ https://ui.shadcn.com/view/new-york-v4/login-03:0
[  145655ms] [WARNING] The resource https://v0.app/chat-static/button.svg was preloaded using link preload but not used within a few seconds from the window's load event. Please make sure it has an appropriate `as` value and it is preloaded intentionally. @ https://ui.shadcn.com/blocks:0
[  145655ms] [WARNING] The resource https://ui.shadcn.com/_next/static/chunks/0db99593c1195380.css?dpl=dpl_3wvGLr5TD4pHDLDQbQUE1upAfCvM was preloaded using link preload but not used within a few seconds from the window's load event. Please make sure it has an appropriate `as` value and it is preloaded intentionally. @ https://ui.shadcn.com/blocks:0
[  145655ms] [WARNING] The resource https://ui.shadcn.com/placeholder.svg was preloaded using link preload but not used within a few seconds from the window's load event. Please make sure it has an appropriate `as` value and it is preloaded intentionally. @ https://ui.shadcn.com/blocks:0
[  226519ms] [WARNING] The resource https://v0.app/chat-static/button.svg was preloaded using link preload but not used within a few seconds from the window's load event. Please make sure it has an appropriate `as` value and it is preloaded intentionally. @ https://ui.shadcn.com/blocks:0
[  226519ms] [WARNING] The resource https://ui.shadcn.com/_next/static/chunks/0db99593c1195380.css?dpl=dpl_3wvGLr5TD4pHDLDQbQUE1upAfCvM was preloaded using link preload but not used within a few seconds from the window's load event. Please make sure it has an appropriate `as` value and it is preloaded intentionally. @ https://ui.shadcn.com/blocks:0
[  226519ms] [WARNING] The resource https://ui.shadcn.com/placeholder.svg was preloaded using link preload but not used within a few seconds from the window's load event. Please make sure it has an appropriate `as` value and it is preloaded intentionally. @ https://ui.shadcn.com/blocks:0
[  440846ms] [VERBOSE] [DOM] Password field is not contained in a form: (More info: https://goo.gl/9p2vKq) @ https://ui.shadcn.com/preview/radix/preview-02:0
[  444021ms] [WARNING] The resource https://v0.app/chat-static/button.svg was preloaded using link preload but not used within a few seconds from the window's load event. Please make sure it has an appropriate `as` value and it is preloaded intentionally. @ https://ui.shadcn.com/create:0
[  444021ms] [WARNING] The resource https://ui.shadcn.com/_next/static/chunks/0db99593c1195380.css?dpl=dpl_3wvGLr5TD4pHDLDQbQUE1upAfCvM was preloaded using link preload but not used within a few seconds from the window's load event. Please make sure it has an appropriate `as` value and it is preloaded intentionally. @ https://ui.shadcn.com/create:0
[  444021ms] [WARNING] The resource https://ui.shadcn.com/placeholder.svg was preloaded using link preload but not used within a few seconds from the window's load event. Please make sure it has an appropriate `as` value and it is preloaded intentionally. @ https://ui.shadcn.com/create:0
[  450597ms] [WARNING] The resource https://v0.app/chat-static/button.svg was preloaded using link preload but not used within a few seconds from the window's load event. Please make sure it has an appropriate `as` value and it is preloaded intentionally. @ https://ui.shadcn.com/create?preset=b3xQqKT53Y:0
[  450597ms] [WARNING] The resource https://ui.shadcn.com/_next/static/chunks/0db99593c1195380.css?dpl=dpl_3wvGLr5TD4pHDLDQbQUE1upAfCvM was preloaded using link preload but not used within a few seconds from the window's load event. Please make sure it has an appropriate `as` value and it is preloaded intentionally. @ https://ui.shadcn.com/create?preset=b3xQqKT53Y:0
[  450597ms] [WARNING] The resource https://ui.shadcn.com/placeholder.svg was preloaded using link preload but not used within a few seconds from the window's load event. Please make sure it has an appropriate `as` value and it is preloaded intentionally. @ https://ui.shadcn.com/create?preset=b3xQqKT53Y:0
[  456956ms] [WARNING] The resource https://v0.app/chat-static/button.svg was preloaded using link preload but not used within a few seconds from the window's load event. Please make sure it has an appropriate `as` value and it is preloaded intentionally. @ https://ui.shadcn.com/create?preset=b3xQqKT53Y:0
[  456956ms] [WARNING] The resource https://ui.shadcn.com/_next/static/chunks/0db99593c1195380.css?dpl=dpl_3wvGLr5TD4pHDLDQbQUE1upAfCvM was preloaded using link preload but not used within a few seconds from the window's load event. Please make sure it has an appropriate `as` value and it is preloaded intentionally. @ https://ui.shadcn.com/create?preset=b3xQqKT53Y:0
[  456956ms] [WARNING] The resource https://ui.shadcn.com/placeholder.svg was preloaded using link preload but not used within a few seconds from the window's load event. Please make sure it has an appropriate `as` value and it is preloaded intentionally. @ https://ui.shadcn.com/create?preset=b3xQqKT53Y:0
[  703138ms] [VERBOSE] [DOM] Password field is not contained in a form: (More info: https://goo.gl/9p2vKq) @ https://ui.shadcn.com/preview/radix/preview-02?preset=b3xQqKT51U:0
[  706639ms] [WARNING] The resource https://ui.shadcn.com/placeholder.svg was preloaded using link preload but not used within a few seconds from the window's load event. Please make sure it has an appropriate `as` value and it is preloaded intentionally. @ https://ui.shadcn.com/create?preset=b3xQqKT53Y:0
[ 1072047ms] [WARNING] The resource https://ui.shadcn.com/placeholder.svg was preloaded using link preload but not used within a few seconds from the window's load event. Please make sure it has an appropriate `as` value and it is preloaded intentionally. @ https://ui.shadcn.com/create?preset=b6GyVBg9L:0
